[2026-03-01 17:33:33] [INFO] [LOG MANAGER] Next log rotation scheduled in 23186.608435 seconds. 
[2026-03-01 17:33:33] [INFO] [LOG MANAGER] Performing initial log rotation after startup. 
[2026-03-01 17:33:33] [INFO] [LOG MANAGER] Rotating log file. 
[2026-03-01 17:33:33] [INFO] [LOG MANAGER] Log file rotated to logs/rotated_logs/2026-03-01/app_logs_1.log 
[2026-03-01 17:33:33] [INFO] [LOG MANAGER] Log rotation complete. 
[2026-03-01 17:33:33] ###################################################################### 
[2026-03-01 17:33:33] ###################################################################### 
[2026-03-01 17:33:33] ###################################################################### 
[2026-03-01 17:33:33] ###################################################################### 
[2026-03-01 17:33:33] ###################################################################### 
[2026-03-01 17:33:34] [DEBUG] [BOT BUILDER] Bot initialized with all intents enabled. 
[2026-03-01 17:33:37] [INFO] [MAIN] Bot is online 
[2026-03-01 17:33:37] [INFO] [MAIN] Time: 2026-03-01 17:33:37 UTC 
[2026-03-01 17:33:37] [INFO] [MAIN] Logged in as: Franktorio's Stock Trader#0190 (ID: 1477531971172307005) 
[2026-03-01 17:33:37] [INFO] [MAIN] Connected to 1 guild(s) 
[2026-03-01 17:33:37] ================================================== 
[2026-03-01 17:33:37] [INFO] [MAIN] Syncing command tree... 
[2026-03-01 17:33:37] [INFO] [MAIN] Successfully synced 0 command(s) 
[2026-03-01 17:33:37] [INFO] [MAIN] Successfully synced 0 command(s) to home guild 'noman love server' (ID: 1476045502872293459) 
[2026-03-01 17:33:37] ================================================== 
[2026-03-01 17:33:37] [WARNING] [MAIN] Bot completed startup sequence at 2026-03-01 17:33:37 UTC 
